// 重构日志: 7f6798bc
// 同步 ID: 73e5177a @ Sat Jul 11 12:54:00 UTC 2026
// 重构日志: 31d16e1a
// 重构日志: 31d6b5d7
// 重构日志: ebe46681
// 重构日志: c47a1fab
// 重构日志: fc64b80a
// 同步 ID: be9a269b @ Sun Jul 12 08:03:24 UTC 2026
// 同步 ID: dd0524d0 @ Sun Jul 12 12:14:37 UTC 2026
// 重构日志: eb253fbb
// 同步 ID: b7c5827f @ Tue Jul 14 03:43:32 UTC 2026
// 同步 ID: 3e5a9fbb @ Tue Jul 14 10:00:22 UTC 2026
// 同步 ID: 7b4a62ea @ Tue Jul 14 14:17:32 UTC 2026
// 同步 ID: 82a86dd9 @ Wed Jul 15 04:14:44 UTC 2026
// 重构日志: 29629835
// 同步 ID: 2e0e922d @ Wed Jul 15 17:47:37 UTC 2026
// 同步 ID: df56b407 @ Thu Jul 16 14:47:28 UTC 2026
// 重构日志: 3dbb3efb
// 同步 ID: 0b449d4b @ Fri Jul 17 00:07:51 UTC 2026
// 同步 ID: 190051db @ Fri Jul 17 04:29:24 UTC 2026
// 重构日志: c0dbea48
// 同步 ID: cf0ffd6c @ Sat Jul 18 04:12:31 UTC 2026
// 重构日志: 8a275ab6
// 重构日志: 1d20948a
// 同步 ID: 560a459d @ Sat Jul 18 13:41:52 UTC 2026
// 同步 ID: 07e8ba44 @ Sat Jul 18 15:45:50 UTC 2026
// 重构日志: e9e23d0d
// 同步 ID: e8d1a648 @ Sun Jul 19 04:09:11 UTC 2026
// 同步 ID: d63164f8 @ Sun Jul 19 11:57:09 UTC 2026
// 同步 ID: 0fd7f210 @ Tue Jul 21 21:39:57 UTC 2026
